\BOOKMARK [1][-]{section.1}{\376\377\000C\000o\000d\000e\000f\000o\000r\000c\000e\000s\000\040\000R\000o\000u\000n\000d\000\040\0001\0000\0000\0003\000\040\000\050\000D\000i\000v\000.\000\040\0004\000\051}{}% 1
\BOOKMARK [2][-]{subsection.1.1}{\376\377\000A\000\040\000-\000\040\000A\000\040\000S\000k\000i\000b\000i\000d\000u\000s\000\040\000a\000n\000d\000\040\000A\000m\000o\000g\000\040\000u}{section.1}% 2
\BOOKMARK [2][-]{subsection.1.2}{\376\377\000B\000\040\000-\000\040\000B\000\040\000S\000k\000i\000b\000i\000d\000u\000s\000\040\000a\000n\000d\000\040\000O\000h\000i\000o}{section.1}% 3
\BOOKMARK [2][-]{subsection.1.3}{\376\377\000C\0001\000\040\000-\000\040\000C\000\040\0001\000\040\000S\000k\000i\000b\000i\000d\000u\000s\000\040\000a\000n\000d\000\040\000F\000a\000n\000u\000m\000\040\000T\000a\000x\000\040\000e\000a\000s\000y\000\040\000v\000e\000r\000s\000i\000o\000n}{section.1}% 4
\BOOKMARK [1][-]{section.2}{\376\377\000C\000o\000d\000e\000f\000o\000r\000c\000e\000s\000\040\000R\000o\000u\000n\000d\000\040\0001\0000\0001\0007\000\040\000\050\000D\000i\000v\000.\000\040\0004\000\051}{}% 5
\BOOKMARK [2][-]{subsection.2.1}{\376\377\000A\000\040\000-\000\040\000A\000\040\000T\000r\000i\000p\000p\000i\000\040\000T\000r\000o\000p\000p\000i}{section.2}% 6
\BOOKMARK [2][-]{subsection.2.2}{\376\377\000B\000\040\000-\000\040\000B\000\040\000B\000o\000b\000r\000i\000t\000t\000o\000\040\000B\000a\000n\000d\000i\000t\000o}{section.2}% 7
\BOOKMARK [1][-]{section.3}{\376\377\000C\000o\000d\000e\000f\000o\000r\000c\000e\000s\000\040\000R\000o\000u\000n\000d\000\040\0001\0000\0005\0000\000\040\000\050\000D\000i\000v\000.\000\040\0004\000\051}{}% 8
\BOOKMARK [2][-]{subsection.3.1}{\376\377\000A\000\040\000-\000\040\000A\000\040\000S\000u\000b\000l\000i\000m\000e\000\040\000S\000e\000q\000u\000e\000n\000c\000e}{section.3}% 9
\BOOKMARK [2][-]{subsection.3.2}{\376\377\000B\000\040\000-\000\040\000B\000\040\000L\000a\000s\000e\000r\000s}{section.3}% 10
\BOOKMARK [2][-]{subsection.3.3}{\376\377\000C\000\040\000-\000\040\000C\000\040\000P\000a\000c\000e\000r}{section.3}% 11
\BOOKMARK [2][-]{subsection.3.4}{\376\377\000D\000\040\000-\000\040\000D\000\040\000D\000e\000s\000t\000r\000u\000c\000t\000i\000o\000n\000\040\000o\000f\000\040\000t\000h\000e\000\040\000D\000a\000n\000d\000e\000l\000i\000o\000n\000\040\000F\000i\000e\000l\000d\000s}{section.3}% 12
\BOOKMARK [2][-]{subsection.3.5}{\376\377\000E\000\040\000-\000\040\000E\000\040\000S\000p\000l\000i\000t}{section.3}% 13
\BOOKMARK [1][-]{section.4}{\376\377\000C\000o\000d\000e\000f\000o\000r\000c\000e\000s\000\040\000R\000o\000u\000n\000d\000\040\0001\0000\0005\0009\000\040\000\050\000D\000i\000v\000.\000\040\0003\000\051}{}% 14
\BOOKMARK [2][-]{subsection.4.1}{\376\377\000A\000\040\000-\000\040\000A\000\040\000B\000e\000a\000u\000t\000i\000f\000u\000l\000\040\000A\000v\000e\000r\000a\000g\000e}{section.4}% 15
\BOOKMARK [2][-]{subsection.4.2}{\376\377\000B\000\040\000-\000\040\000B\000\040\000B\000e\000a\000u\000t\000i\000f\000u\000l\000\040\000S\000t\000r\000i\000n\000g}{section.4}% 16
\BOOKMARK [2][-]{subsection.4.3}{\376\377\000C\000\040\000-\000\040\000C\000\040\000B\000e\000a\000u\000t\000i\000f\000u\000l\000\040\000X\000O\000R}{section.4}% 17
\BOOKMARK [1][-]{section.5}{\376\377\000C\000o\000d\000e\000f\000o\000r\000c\000e\000s\000\040\000R\000o\000u\000n\000d\000\040\0001\0000\0006\0002\000\040\000\050\000D\000i\000v\0004\000\051}{}% 18
\BOOKMARK [2][-]{subsection.5.1}{\376\377\000A\000\040\000-\000\040\000A\000\040\000S\000q\000u\000a\000r\000e}{section.5}% 19
\BOOKMARK [2][-]{subsection.5.2}{\376\377\000B\000\040\000-\000\040\000B\000\040\000Y\000o\000u\000r\000\040\000N\000a\000m\000e}{section.5}% 20
\BOOKMARK [2][-]{subsection.5.3}{\376\377\000C\000\040\000-\000\040\000C\000\040\000I\000s\000a\000m\000a\000t\000d\000i\000n\000\040\000a\000n\000d\000\040\000H\000i\000s\000\040\000M\000a\000g\000i\000c\000\040\000W\000a\000n\000d}{section.5}% 21
\BOOKMARK [2][-]{subsection.5.4}{\376\377\000D\000\040\000-\000\040\000D\000\040\000Y\000e\000t\000\040\000A\000n\000o\000t\000h\000e\000r\000\040\000A\000r\000r\000a\000y\000\040\000P\000r\000o\000b\000l\000e\000m}{section.5}% 22
\BOOKMARK [2][-]{subsection.5.5}{\376\377\000E\000\040\000-\000\040\000E\000\040\000k\000h\000b\000a\000\040\000L\000o\000v\000e\000s\000\040\000t\000o\000\040\000S\000l\000e\000e\000p}{section.5}% 23
\BOOKMARK [1][-]{section.6}{\376\377\000C\000o\000d\000e\000f\000o\000r\000c\000e\000s\000\040\000R\000o\000u\000n\000d\000\040\0001\0000\0006\0005\000\040\000\050\000D\000i\000v\000.\000\040\0003\000\051}{}% 24
\BOOKMARK [2][-]{subsection.6.1}{\376\377\000A\000\040\000-\000\040\000A\000\040\000S\000h\000i\000z\000u\000k\000u\000\040\000H\000o\000s\000h\000i\000k\000a\000w\000a\000\040\000a\000n\000d\000\040\000F\000a\000r\000m\000\040\000L\000e\000g\000s}{section.6}% 25
\BOOKMARK [2][-]{subsection.6.2}{\376\377\000B\000\040\000-\000\040\000B\000\040\000Y\000u\000u\000\040\000K\000o\000i\000t\000o\000\040\000a\000n\000d\000\040\000M\000i\000n\000i\000m\000u\000m\000\040\000A\000b\000s\000o\000l\000u\000t\000e\000\040\000S\000u\000m}{section.6}% 26
\BOOKMARK [2][-]{subsection.6.3}{\376\377\000C\0001\000\040\000-\000\040\000C\000\040\0001\000\040\000R\000e\000n\000a\000k\000o\000\040\000A\000m\000a\000o\000r\000i\000\040\000a\000n\000d\000\040\000X\000O\000R\000\040\000G\000a\000m\000e\000\040\000e\000a\000s\000y\000\040\000v\000e\000r\000s\000i\000o\000n}{section.6}% 27
\BOOKMARK [1][-]{section.7}{\376\377\000C\000o\000d\000e\000f\000o\000r\000c\000e\000s\000\040\000R\000o\000u\000n\000d\000\040\0001\0000\0007\0001\000\040\000\050\000D\000i\000v\000.\000\040\0003\000\051}{}% 28
\BOOKMARK [2][-]{subsection.7.1}{\376\377\000A\000\040\000-\000\040\000A\000\040\000B\000l\000a\000c\000k\000s\000l\000e\000x\000\040\000a\000n\000d\000\040\000P\000a\000s\000s\000w\000o\000r\000d}{section.7}% 29
\BOOKMARK [2][-]{subsection.7.2}{\376\377\000B\000\040\000-\000\040\000B\000\040\000B\000l\000a\000c\000k\000s\000l\000e\000x\000\040\000a\000n\000d\000\040\000S\000h\000o\000w\000e\000r\000i\000n\000g}{section.7}% 30
\BOOKMARK [2][-]{subsection.7.3}{\376\377\000C\000\040\000-\000\040\000C\000\040\000B\000l\000a\000c\000k\000s\000l\000e\000x\000\040\000a\000n\000d\000\040\000N\000u\000m\000b\000e\000r\000\040\000T\000h\000e\000o\000r\000y}{section.7}% 31
\BOOKMARK [1][-]{section.8}{\376\377\000C\000o\000d\000e\000f\000o\000r\000c\000e\000s\000\040\000R\000o\000u\000n\000d\000\040\0001\0000\0007\0002\000\040\000\050\000D\000i\000v\000.\000\040\0003\000\051}{}% 32
\BOOKMARK [2][-]{subsection.8.1}{\376\377\000A\000\040\000-\000\040\000A\000\040\000S\000o\000c\000i\000a\000l\000\040\000E\000x\000p\000e\000r\000i\000m\000e\000n\000t}{section.8}% 33
\BOOKMARK [2][-]{subsection.8.2}{\376\377\000B\000\040\000-\000\040\000B\000\040\000H\000o\000u\000r\000g\000l\000a\000s\000s}{section.8}% 34
\BOOKMARK [2][-]{subsection.8.3}{\376\377\000C\000\040\000-\000\040\000C\000\040\000H\000u\000g\000e\000\040\000P\000i\000l\000e}{section.8}% 35
\BOOKMARK [1][-]{section.9}{\376\377\000C\000o\000d\000e\000f\000o\000r\000c\000e\000s\000\040\000R\000o\000u\000n\000d\000\040\0001\0000\0007\0003\000\040\000\050\000D\000i\000v\000.\0002\000\051}{}% 36
\BOOKMARK [2][-]{subsection.9.1}{\376\377\000A\000\040\000-\000\040\000A\000\040\000A\000r\000r\000a\000y\000\040\000C\000o\000l\000o\000r\000i\000n\000g}{section.9}% 37
\BOOKMARK [2][-]{subsection.9.2}{\376\377\000B\000\040\000-\000\040\000B\000\040\000M\000E\000X\000\040\000R\000e\000o\000r\000d\000e\000r\000i\000n\000g}{section.9}% 38
\BOOKMARK [2][-]{subsection.9.3}{\376\377\000C\000\040\000-\000\040\000C\000\040\000S\000o\000r\000t\000i\000n\000g\000\040\000G\000a\000m\000e}{section.9}% 39
\BOOKMARK [2][-]{subsection.9.4}{\376\377\000D\0001\000\040\000-\000\040\000D\000\040\0001\000\040\000S\000u\000b\000\040\000R\000B\000S\000\040\000E\000a\000s\000y\000\040\000V\000e\000r\000s\000i\000o\000n}{section.9}% 40
\BOOKMARK [1][-]{section.10}{\376\377\000C\000o\000d\000e\000f\000o\000r\000c\000e\000s\000\040\000R\000o\000u\000n\000d\000\040\0001\0000\0007\0004\000\040\000\050\000D\000i\000v\000.\0004\000\051}{}% 41
\BOOKMARK [2][-]{subsection.10.1}{\376\377\000A\000\040\000-\000\040\000A\000\040\000P\000e\000r\000f\000e\000c\000t\000\040\000R\000o\000o\000t}{section.10}% 42
\BOOKMARK [2][-]{subsection.10.2}{\376\377\000B\000\040\000-\000\040\000B\000\040\000P\000r\000e\000f\000i\000x\000\040\000M\000a\000x}{section.10}% 43
\BOOKMARK [2][-]{subsection.10.3}{\376\377\000C\000\040\000-\000\040\000C\000\040\000S\000h\000i\000f\000t\000e\000d\000\040\000M\000E\000X}{section.10}% 44
\BOOKMARK [2][-]{subsection.10.4}{\376\377\000D\000\040\000-\000\040\000D\000\040\000O\000u\000t\000O\000f\000M\000e\000m\000o\000r\000y\000E\000r\000r\000o\000r}{section.10}% 45
\BOOKMARK [2][-]{subsection.10.5}{\376\377\000E\000\040\000-\000\040\000E\000\040\000T\000h\000e\000\040\000R\000o\000b\000o\000t\000i\000c\000\040\000R\000u\000s\000h}{section.10}% 46
\BOOKMARK [1][-]{section.11}{\376\377\000C\000o\000d\000e\000f\000o\000r\000c\000e\000s\000\040\000R\000o\000u\000n\000d\000\040\0001\0000\0007\0005\000\040\000\050\000D\000i\000v\000.\000\040\0002\000\051}{}% 47
\BOOKMARK [2][-]{subsection.11.1}{\376\377\000A\000\040\000-\000\040\000A\000\040\000T\000a\000b\000l\000e\000\040\000w\000i\000t\000h\000\040\000N\000u\000m\000b\000e\000r\000s}{section.11}% 48
\BOOKMARK [2][-]{subsection.11.2}{\376\377\000B\000\040\000-\000\040\000B\000\040\000T\000h\000e\000\040\000C\000u\000r\000s\000e\000\040\000o\000f\000\040\000t\000h\000e\000\040\000F\000r\000o\000g}{section.11}% 49
\BOOKMARK [2][-]{subsection.11.3}{\376\377\000C\0001\000\040\000-\000\040\000C\000\040\0001\000\040\000X\000O\000R\000\040\000C\000o\000n\000v\000e\000n\000i\000e\000n\000c\000e\000\040\000E\000a\000s\000y\000\040\000V\000e\000r\000s\000i\000o\000n}{section.11}% 50
\BOOKMARK [1][-]{section.12}{\376\377\000C\000o\000d\000e\000f\000o\000r\000c\000e\000s\000\040\000R\000o\000u\000n\000d\000\040\0001\0000\0007\0006\000\040\000\050\000D\000i\000v\000.\000\040\0003\000\051}{}% 51
\BOOKMARK [2][-]{subsection.12.1}{\376\377\000A\000\040\000-\000\040\000A\000.\000\040\000D\000B\000M\000B\000\040\000a\000n\000d\000\040\000t\000h\000e\000\040\000A\000r\000r\000a\000y}{section.12}% 52
\BOOKMARK [2][-]{subsection.12.2}{\376\377\000B\000\040\000-\000\040\000B\000.\000\040\000R\000e\000v\000e\000r\000s\000e\000\040\000a\000\040\000P\000e\000r\000m\000u\000t\000a\000t\000i\000o\000n}{section.12}% 53
\BOOKMARK [2][-]{subsection.12.3}{\376\377\000C\000\040\000-\000\040\000C\000.\000\040\000R\000e\000p\000l\000a\000c\000e\000\040\000a\000n\000d\000\040\000S\000u\000m}{section.12}% 54
\BOOKMARK [2][-]{subsection.12.4}{\376\377\000D\000\040\000-\000\040\000D\000.\000\040\000M\000o\000n\000s\000t\000e\000r\000\040\000G\000a\000m\000e}{section.12}% 55
\BOOKMARK [1][-]{section.13}{\376\377\000C\000o\000d\000e\000f\000o\000r\000c\000e\000s\000\040\000R\000o\000u\000n\000d\000\040\0001\0000\0007\0007\000\040\000\050\000D\000i\000v\000.\000\040\0002\000\051}{}% 56
\BOOKMARK [2][-]{subsection.13.1}{\376\377\000A\000\040\000-\000\040\000A\000\040\000D\000i\000v\000i\000s\000i\000b\000l\000e\000\040\000P\000e\000r\000m\000u\000t\000a\000t\000i\000o\000n}{section.13}% 57
\BOOKMARK [2][-]{subsection.13.2}{\376\377\000B\000\040\000-\000\040\000B\000\040\000S\000e\000a\000t\000s}{section.13}% 58
\BOOKMARK [1][-]{section.14}{\376\377\000C\000o\000d\000e\000f\000o\000r\000c\000e\000s\000\040\000R\000o\000u\000n\000d\000\040\0001\0000\0007\0008\000\040\000\050\000D\000i\000v\000.\000\040\0002\000\051}{}% 59
\BOOKMARK [2][-]{subsection.14.1}{\376\377\000A\000\040\000-\000\040\000A\000\040\000L\000a\000w\000n\000\040\000M\000o\000w\000e\000r}{section.14}% 60
\BOOKMARK [2][-]{subsection.14.2}{\376\377\000B\000\040\000-\000\040\000B\000\040\000O\000f\000f\000s\000h\000o\000r\000e\000s}{section.14}% 61
\BOOKMARK [2][-]{subsection.14.3}{\376\377\000C\000\040\000-\000\040\000C\000\040\000S\000e\000c\000r\000e\000t\000\040\000m\000e\000s\000s\000a\000g\000e}{section.14}% 62
\BOOKMARK [1][-]{section.15}{\376\377\000C\000o\000d\000e\000f\000o\000r\000c\000e\000s\000\040\000R\000o\000u\000n\000d\000\040\0001\0000\0008\0000\000\040\000\050\000D\000i\000v\000.\000\040\0003\000\051}{}% 63
\BOOKMARK [2][-]{subsection.15.1}{\376\377\000A\000\040\000-\000\040\000A\000\040\000S\000i\000e\000v\000e\000\040\000o\000f\000\040\000E\000r\000a\000t\000o\000\040\0006\0007\000\040\000h\000e\000n\000e\000s}{section.15}% 64
\BOOKMARK [2][-]{subsection.15.2}{\376\377\000B\000\040\000-\000\040\000B\000\040\000H\000e\000a\000p\000i\000f\000y\000\040\0001}{section.15}% 65
\BOOKMARK [2][-]{subsection.15.3}{\376\377\000C\000\040\000-\000\040\000C\000\040\000D\000i\000c\000e\000\040\000R\000o\000l\000l\000\040\000S\000e\000q\000u\000e\000n\000c\000e}{section.15}% 66
\BOOKMARK [1][-]{section.16}{\376\377\000C\000o\000d\000e\000f\000o\000r\000c\000e\000s\000\040\000R\000o\000u\000n\000d\000\040\0001\0000\0008\0004\000\040\000\050\000D\000i\000v\000.\000\040\0003\000\051}{}% 67
\BOOKMARK [2][-]{subsection.16.1}{\376\377\000A\000\040\000-\000\040\000A\000\040\000E\000a\000t\000i\000n\000g\000\040\000G\000a\000m\000e}{section.16}% 68
\BOOKMARK [2][-]{subsection.16.2}{\376\377\000B\000\040\000-\000\040\000B\000\040\000D\000e\000l\000e\000t\000i\000o\000n\000\040\000S\000o\000r\000t}{section.16}% 69
\BOOKMARK [2][-]{subsection.16.3}{\376\377\000C\000\040\000-\000\040\000C\000\040\000S\000p\000e\000c\000i\000a\000l\000t\000y\000\040\000S\000t\000r\000i\000n\000g}{section.16}% 70
\BOOKMARK [2][-]{subsection.16.4}{\376\377\000D\000\040\000-\000\040\000D\000\040\000P\000o\000r\000t\000a\000l}{section.16}% 71
\BOOKMARK [1][-]{section.17}{\376\377\000C\000o\000d\000e\000f\000o\000r\000c\000e\000s\000\040\000R\000o\000u\000n\000d\000\040\0001\0000\0008\0006\000\040\000\050\000D\000i\000v\000.\000\040\0002\000\051}{}% 72
\BOOKMARK [2][-]{subsection.17.1}{\376\377\000A\000\040\000-\000\040\000A\000\040\000B\000i\000n\000g\000o\000\040\000C\000a\000n\000d\000i\000e\000s}{section.17}% 73
\BOOKMARK [2][-]{subsection.17.2}{\376\377\000B\000\040\000-\000\040\000B\000\040\000C\000y\000c\000l\000i\000s\000t\000s}{section.17}% 74
\BOOKMARK [2][-]{subsection.17.3}{\376\377\000C\000\040\000-\000\040\000C\000\040\000S\000t\000a\000m\000i\000n\000a\000\040\000a\000n\000d\000\040\000T\000a\000s\000k\000s}{section.17}% 75
\BOOKMARK [1][-]{section.18}{\376\377\000C\000o\000d\000e\000f\000o\000r\000c\000e\000s\000\040\000R\000o\000u\000n\000d\000\040\0001\0000\0008\0007\000\040\000\050\000D\000i\000v\000.\000\040\0002\000\051}{}% 76
\BOOKMARK [2][-]{subsection.18.1}{\376\377\000A\000\040\000-\000\040\000A\000\040\000F\000l\000i\000p\000\040\000F\000l\000o\000p\000s}{section.18}% 77
\BOOKMARK [2][-]{subsection.18.2}{\376\377\000B\000\040\000-\000\040\000B\000\040\000A\000r\000r\000a\000y}{section.18}% 78
\BOOKMARK [1][-]{section.19}{\376\377\000C\000o\000d\000e\000f\000o\000r\000c\000e\000s\000\040\000R\000o\000u\000n\000d\000\040\0001\0000\0008\0009\000\040\000\050\000D\000i\000v\000.\000\040\0002\000\051}{}% 79
\BOOKMARK [2][-]{subsection.19.1}{\376\377\000A\000\040\000-\000\040\000A\000\040\000A\000\040\000S\000i\000m\000p\000l\000e\000\040\000S\000e\000q\000u\000e\000n\000c\000e}{section.19}% 80
\BOOKMARK [2][-]{subsection.19.2}{\376\377\000B\000\040\000-\000\040\000B\000\040\000S\000i\000m\000p\000l\000y\000\040\000S\000i\000t\000t\000i\000n\000g\000\040\000o\000n\000\040\000C\000h\000a\000i\000r\000s}{section.19}% 81
\BOOKMARK [2][-]{subsection.19.3}{\376\377\000C\0001\000\040\000-\000\040\000C\000\040\0001\000\040\000A\000\040\000S\000i\000m\000p\000l\000e\000\040\000G\000C\000D\000\040\000P\000r\000o\000b\000l\000e\000m\000\040\000E\000a\000s\000y\000\040\000V\000e\000r\000s\000i\000o\000n}{section.19}% 82
\BOOKMARK [1][-]{section.20}{\376\377\000C\000o\000d\000e\000f\000o\000r\000c\000e\000s\000\040\000R\000o\000u\000n\000d\000\040\0001\0000\0009\0000\000\040\000\050\000D\000i\000v\000.\000\040\0004\000\051}{}% 83
\BOOKMARK [2][-]{subsection.20.1}{\376\377\000A\000\040\000-\000\040\000A\000\040\000T\000h\000e\000\040\0006\0007\000\040\000t\000h\000\040\000I\000n\000t\000e\000g\000e\000r\000\040\000P\000r\000o\000b\000l\000e\000m}{section.20}% 84
\BOOKMARK [2][-]{subsection.20.2}{\376\377\000B\000\040\000-\000\040\000B\000\040\000T\000h\000e\000\040\0006\0007\000\040\000t\000h\000\040\0006\000\040\0007\000\040\000I\000n\000t\000e\000g\000e\000r\000\040\000P\000r\000o\000b\000l\000e\000m}{section.20}% 85
\BOOKMARK [2][-]{subsection.20.3}{\376\377\000C\000\040\000-\000\040\000C\000\040\000T\000h\000e\000\040\0006\0007\000\040\000t\000h\000\040\000P\000e\000r\000m\000u\000t\000a\000t\000i\000o\000n\000\040\000P\000r\000o\000b\000l\000e\000m}{section.20}% 86
\BOOKMARK [2][-]{subsection.20.4}{\376\377\000D\000\040\000-\000\040\000D\000\040\000T\000h\000e\000\040\0006\0007\000\040\000t\000h\000\040\000O\000E\000I\000S\000\040\000P\000r\000o\000b\000l\000e\000m}{section.20}% 87
\BOOKMARK [2][-]{subsection.20.5}{\376\377\000E\000\040\000-\000\040\000E\000\040\000T\000h\000e\000\040\0006\0007\000\040\000t\000h\000\040\000X\000O\000R\000\040\000P\000r\000o\000b\000l\000e\000m}{section.20}% 88
\BOOKMARK [1][-]{section.21}{\376\377\000E\000d\000u\000c\000a\000t\000i\000o\000n\000a\000l\000\040\000C\000o\000d\000e\000f\000o\000r\000c\000e\000s\000\040\000R\000o\000u\000n\000d\000\040\0001\0008\0008\000\040\000\050\000R\000a\000t\000e\000d\000\040\000f\000o\000r\000\040\000D\000i\000v\000.\000\040\0002\000\051}{}% 89
\BOOKMARK [2][-]{subsection.21.1}{\376\377\000A\000\040\000-\000\040\000A\000\040\000P\000a\000s\000s\000i\000n\000g\000\040\000t\000h\000e\000\040\000B\000a\000l\000l}{section.21}% 90
\BOOKMARK [2][-]{subsection.21.2}{\376\377\000B\000\040\000-\000\040\000B\000\040\000R\000i\000g\000h\000t\000\040\000M\000a\000x\000i\000m\000u\000m}{section.21}% 91
\BOOKMARK [2][-]{subsection.21.3}{\376\377\000C\000\040\000-\000\040\000C\000\040\000S\000p\000r\000i\000n\000g}{section.21}% 92
